0 info it worked if it ends with ok
1 verbose cli [ '/usr/bin/nodejs', '/usr/bin/npm', 'install', 'ospoint' ]
2 info using npm@3.5.2
3 info using node@v4.2.6
4 silly loadCurrentTree Starting
5 silly install loadCurrentTree
6 silly install readLocalPackageData
7 silly fetchPackageMetaData ospoint
8 silly fetchNamedPackageData ospoint
9 silly mapToRegistry name ospoint
10 silly mapToRegistry using default registry
11 silly mapToRegistry registry https://registry.npmjs.org/
12 silly mapToRegistry uri https://registry.npmjs.org/ospoint
13 verbose request uri https://registry.npmjs.org/ospoint
14 verbose request no auth needed
15 info attempt registry request try #1 at 3:30:29 a.m.
16 verbose request id 89a5b5c8aeb98b9b
17 http request GET https://registry.npmjs.org/ospoint
18 http 200 https://registry.npmjs.org/ospoint
19 verbose headers { 'content-type': 'application/json; charset=UTF-8',
19 verbose headers   server: 'UploadServer',
19 verbose headers   'cache-control': 'max-age=300',
19 verbose headers   'last-modified': 'Thu, 13 Feb 2014 16:03:19 GMT',
19 verbose headers   etag: '"52fcecc7-1cd6"',
19 verbose headers   'x-npm-region': 'EU-West',
19 verbose headers   'content-encoding': 'gzip',
19 verbose headers   'content-length': '2257',
19 verbose headers   'accept-ranges': 'bytes',
19 verbose headers   date: 'Mon, 26 Mar 2018 13:37:50 GMT',
19 verbose headers   via: '1.1 varnish',
19 verbose headers   age: '14334',
19 verbose headers   connection: 'keep-alive',
19 verbose headers   'x-served-by': 'cache-lcy19223-LCY',
19 verbose headers   'x-cache': 'HIT',
19 verbose headers   'x-cache-hits': '1',
19 verbose headers   'x-timer': 'S1522071471.700506,VS0,VE1',
19 verbose headers   vary: 'Accept-Encoding, Accept' }
20 silly get cb [ 200,
20 silly get   { 'content-type': 'application/json; charset=UTF-8',
20 silly get     server: 'UploadServer',
20 silly get     'cache-control': 'max-age=300',
20 silly get     'last-modified': 'Thu, 13 Feb 2014 16:03:19 GMT',
20 silly get     etag: '"52fcecc7-1cd6"',
20 silly get     'x-npm-region': 'EU-West',
20 silly get     'content-encoding': 'gzip',
20 silly get     'content-length': '2257',
20 silly get     'accept-ranges': 'bytes',
20 silly get     date: 'Mon, 26 Mar 2018 13:37:50 GMT',
20 silly get     via: '1.1 varnish',
20 silly get     age: '14334',
20 silly get     connection: 'keep-alive',
20 silly get     'x-served-by': 'cache-lcy19223-LCY',
20 silly get     'x-cache': 'HIT',
20 silly get     'x-cache-hits': '1',
20 silly get     'x-timer': 'S1522071471.700506,VS0,VE1',
20 silly get     vary: 'Accept-Encoding, Accept' } ]
21 verbose get saving ospoint to /home/salil/.npm/registry.npmjs.org/ospoint/.cache.json
22 silly install normalizeTree
23 silly loadCurrentTree Finishing
24 silly loadIdealTree Starting
25 silly install loadIdealTree
26 silly cloneCurrentTree Starting
27 silly install cloneCurrentTreeToIdealTree
28 silly cloneCurrentTree Finishing
29 silly loadShrinkwrap Starting
30 silly install loadShrinkwrap
31 silly loadShrinkwrap Finishing
32 silly loadAllDepsIntoIdealTree Starting
33 silly install loadAllDepsIntoIdealTree
34 silly resolveWithNewModule ospoint@0.2.0 checking installable status
35 silly cache add args [ 'ospoint', null ]
36 verbose cache add spec ospoint
37 silly cache add parsed spec Result {
37 silly cache add   raw: 'ospoint',
37 silly cache add   scope: null,
37 silly cache add   name: 'ospoint',
37 silly cache add   rawSpec: '',
37 silly cache add   spec: 'latest',
37 silly cache add   type: 'tag' }
38 silly addNamed ospoint@latest
39 verbose addNamed "latest" is being treated as a dist-tag for ospoint
40 info addNameTag [ 'ospoint', 'latest' ]
41 silly mapToRegistry name ospoint
42 silly mapToRegistry using default registry
43 silly mapToRegistry registry https://registry.npmjs.org/
44 silly mapToRegistry uri https://registry.npmjs.org/ospoint
45 verbose addNameTag registry:https://registry.npmjs.org/ospoint not in flight; fetching
46 verbose get https://registry.npmjs.org/ospoint not expired, no request
47 silly addNameTag next cb for ospoint with tag latest
48 silly addNamed ospoint@0.2.0
49 verbose addNamed "0.2.0" is a plain semver version for ospoint
50 silly mapToRegistry name ospoint
51 silly mapToRegistry using default registry
52 silly mapToRegistry registry https://registry.npmjs.org/
53 silly mapToRegistry uri https://registry.npmjs.org/ospoint
54 verbose addRemoteTarball https://registry.npmjs.org/ospoint/-/ospoint-0.2.0.tgz not in flight; adding
55 verbose addRemoteTarball [ 'https://registry.npmjs.org/ospoint/-/ospoint-0.2.0.tgz',
55 verbose addRemoteTarball   '5ee087eb07a84504bd31691930447970be402fc9' ]
56 info retry fetch attempt 1 at 3:30:30 a.m.
57 info attempt registry request try #1 at 3:30:30 a.m.
58 http fetch GET https://registry.npmjs.org/ospoint/-/ospoint-0.2.0.tgz
59 http fetch 200 https://registry.npmjs.org/ospoint/-/ospoint-0.2.0.tgz
60 silly fetchAndShaCheck shasum 5ee087eb07a84504bd31691930447970be402fc9
61 verbose addTmpTarball /tmp/npm-17330-2eec5f32/registry.npmjs.org/ospoint/-/ospoint-0.2.0.tgz not in flight; adding
62 verbose addTmpTarball already have metadata; skipping unpack for ospoint@0.2.0
63 silly cache afterAdd ospoint@0.2.0
64 verbose afterAdd /home/salil/.npm/ospoint/0.2.0/package/package.json not in flight; writing
65 verbose afterAdd /home/salil/.npm/ospoint/0.2.0/package/package.json written
66 silly addShrinkwrap Found shrinkwrap in ospoint package/npm-shrinkwrap.json
67 silly addShrinkwrap Completed reading shrinkwrap in ospoint
68 silly fetchNamedPackageData fsevents
69 silly mapToRegistry name fsevents
70 silly mapToRegistry using default registry
71 silly mapToRegistry registry https://registry.npmjs.org/
72 silly mapToRegistry uri https://registry.npmjs.org/fsevents
73 verbose request uri https://registry.npmjs.org/fsevents
74 verbose request no auth needed
75 info attempt registry request try #1 at 3:30:30 a.m.
76 verbose etag "5a7fa6de-e526"
77 verbose lastModified Sun, 11 Feb 2018 2:13:50 GMT
78 http request GET https://registry.npmjs.org/fsevents
79 http 304 https://registry.npmjs.org/fsevents
80 verbose headers { date: 'Mon, 26 Mar 2018 13:37:51 GMT',
80 verbose headers   via: '1.1 varnish',
80 verbose headers   'cache-control': 'max-age=300',
80 verbose headers   etag: '"5a7fa6de-e526"',
80 verbose headers   age: '14106',
80 verbose headers   connection: 'keep-alive',
80 verbose headers   'x-served-by': 'cache-lcy19248-LCY',
80 verbose headers   'x-cache': 'HIT',
80 verbose headers   'x-cache-hits': '538',
80 verbose headers   'x-timer': 'S1522071472.773350,VS0,VE0',
80 verbose headers   vary: 'Accept-Encoding, Accept' }
81 silly get cb [ 304,
81 silly get   { date: 'Mon, 26 Mar 2018 13:37:51 GMT',
81 silly get     via: '1.1 varnish',
81 silly get     'cache-control': 'max-age=300',
81 silly get     etag: '"5a7fa6de-e526"',
81 silly get     age: '14106',
81 silly get     connection: 'keep-alive',
81 silly get     'x-served-by': 'cache-lcy19248-LCY',
81 silly get     'x-cache': 'HIT',
81 silly get     'x-cache-hits': '538',
81 silly get     'x-timer': 'S1522071472.773350,VS0,VE0',
81 silly get     vary: 'Accept-Encoding, Accept' } ]
82 verbose etag https://registry.npmjs.org/fsevents from cache
83 verbose get saving fsevents to /home/salil/.npm/registry.npmjs.org/fsevents/.cache.json
84 silly resolveWithNewModule fsevents@1.1.3 checking installable status
85 silly loadAllDepsIntoIdealTree Finishing
86 silly idealTree:prePrune package.json@1.0.0
86 silly idealTree:prePrune ├── abbrev@1.1.1
86 silly idealTree:prePrune ├── accepts@1.3.5
86 silly idealTree:prePrune ├── ansi-align@2.0.0
86 silly idealTree:prePrune ├── ansi-regex@3.0.0
86 silly idealTree:prePrune ├── ansi-styles@3.2.1
86 silly idealTree:prePrune ├── anymatch@2.0.0
86 silly idealTree:prePrune ├── arr-diff@4.0.0
86 silly idealTree:prePrune ├── arr-flatten@1.1.0
86 silly idealTree:prePrune ├── arr-union@3.1.0
86 silly idealTree:prePrune ├── array-flatten@1.1.1
86 silly idealTree:prePrune ├── array-unique@0.3.2
86 silly idealTree:prePrune ├── assign-symbols@1.0.0
86 silly idealTree:prePrune ├── async-each@1.0.1
86 silly idealTree:prePrune ├── atob@2.0.3
86 silly idealTree:prePrune ├── balanced-match@1.0.0
86 silly idealTree:prePrune ├─┬ base@0.11.2
86 silly idealTree:prePrune │ └── define-property@1.0.0
86 silly idealTree:prePrune ├── binary-extensions@1.11.0
86 silly idealTree:prePrune ├── body-parser@1.18.2
86 silly idealTree:prePrune ├── boxen@1.3.0
86 silly idealTree:prePrune ├── brace-expansion@1.1.11
86 silly idealTree:prePrune ├─┬ braces@2.3.1
86 silly idealTree:prePrune │ ├── define-property@1.0.0
86 silly idealTree:prePrune │ └── extend-shallow@2.0.1
86 silly idealTree:prePrune ├── bson@1.0.6
86 silly idealTree:prePrune ├── bytes@3.0.0
86 silly idealTree:prePrune ├── cache-base@1.0.1
86 silly idealTree:prePrune ├── camelcase@4.1.0
86 silly idealTree:prePrune ├── capture-stack-trace@1.0.0
86 silly idealTree:prePrune ├── chalk@2.3.2
86 silly idealTree:prePrune ├── chokidar@2.0.3
86 silly idealTree:prePrune ├─┬ class-utils@0.3.6
86 silly idealTree:prePrune │ ├── define-property@0.2.5
86 silly idealTree:prePrune │ ├─┬ is-accessor-descriptor@0.1.6
86 silly idealTree:prePrune │ │ └── kind-of@3.2.2
86 silly idealTree:prePrune │ ├─┬ is-data-descriptor@0.1.4
86 silly idealTree:prePrune │ │ └── kind-of@3.2.2
86 silly idealTree:prePrune │ ├── is-descriptor@0.1.6
86 silly idealTree:prePrune │ └── kind-of@5.1.0
86 silly idealTree:prePrune ├── cli-boxes@1.0.0
86 silly idealTree:prePrune ├── collection-visit@1.0.0
86 silly idealTree:prePrune ├── color-convert@1.9.1
86 silly idealTree:prePrune ├── color-name@1.1.3
86 silly idealTree:prePrune ├── component-emitter@1.2.1
86 silly idealTree:prePrune ├── concat-map@0.0.1
86 silly idealTree:prePrune ├── configstore@3.1.1
86 silly idealTree:prePrune ├── content-disposition@0.5.2
86 silly idealTree:prePrune ├── content-type@1.0.4
86 silly idealTree:prePrune ├── cookie-signature@1.0.6
86 silly idealTree:prePrune ├── cookie@0.3.1
86 silly idealTree:prePrune ├── copy-descriptor@0.1.1
86 silly idealTree:prePrune ├── core-util-is@1.0.2
86 silly idealTree:prePrune ├── create-error-class@3.0.2
86 silly idealTree:prePrune ├── cross-spawn@5.1.0
86 silly idealTree:prePrune ├── crypto-random-string@1.0.0
86 silly idealTree:prePrune ├── debug@2.6.9
86 silly idealTree:prePrune ├── decode-uri-component@0.2.0
86 silly idealTree:prePrune ├── deep-extend@0.4.2
86 silly idealTree:prePrune ├── define-property@2.0.2
86 silly idealTree:prePrune ├── depd@1.1.2
86 silly idealTree:prePrune ├── destroy@1.0.4
86 silly idealTree:prePrune ├── dot-prop@4.2.0
86 silly idealTree:prePrune ├── duplexer@0.1.1
86 silly idealTree:prePrune ├── duplexer3@0.1.4
86 silly idealTree:prePrune ├── ee-first@1.1.1
86 silly idealTree:prePrune ├── ejs@2.5.7
86 silly idealTree:prePrune ├── encodeurl@1.0.2
86 silly idealTree:prePrune ├── escape-html@1.0.3
86 silly idealTree:prePrune ├── escape-string-regexp@1.0.5
86 silly idealTree:prePrune ├── etag@1.8.1
86 silly idealTree:prePrune ├── event-stream@3.3.4
86 silly idealTree:prePrune ├── execa@0.7.0
86 silly idealTree:prePrune ├─┬ expand-brackets@2.1.4
86 silly idealTree:prePrune │ ├── define-property@0.2.5
86 silly idealTree:prePrune │ ├── extend-shallow@2.0.1
86 silly idealTree:prePrune │ ├─┬ is-accessor-descriptor@0.1.6
86 silly idealTree:prePrune │ │ └── kind-of@3.2.2
86 silly idealTree:prePrune │ ├─┬ is-data-descriptor@0.1.4
86 silly idealTree:prePrune │ │ └── kind-of@3.2.2
86 silly idealTree:prePrune │ ├── is-descriptor@0.1.6
86 silly idealTree:prePrune │ └── kind-of@5.1.0
86 silly idealTree:prePrune ├── express@4.16.3
86 silly idealTree:prePrune ├─┬ extend-shallow@3.0.2
86 silly idealTree:prePrune │ └── is-extendable@1.0.1
86 silly idealTree:prePrune ├─┬ extglob@2.0.4
86 silly idealTree:prePrune │ ├── define-property@1.0.0
86 silly idealTree:prePrune │ └── extend-shallow@2.0.1
86 silly idealTree:prePrune ├─┬ fill-range@4.0.0
86 silly idealTree:prePrune │ └── extend-shallow@2.0.1
86 silly idealTree:prePrune ├── finalhandler@1.1.1
86 silly idealTree:prePrune ├── for-in@1.0.2
86 silly idealTree:prePrune ├── forwarded@0.1.2
86 silly idealTree:prePrune ├── fragment-cache@0.2.1
86 silly idealTree:prePrune ├── fresh@0.5.2
86 silly idealTree:prePrune ├── from@0.1.7
86 silly idealTree:prePrune ├── get-stream@3.0.0
86 silly idealTree:prePrune ├── get-value@2.0.6
86 silly idealTree:prePrune ├─┬ glob-parent@3.1.0
86 silly idealTree:prePrune │ └── is-glob@3.1.0
86 silly idealTree:prePrune ├── global-dirs@0.1.1
86 silly idealTree:prePrune ├── got@6.7.1
86 silly idealTree:prePrune ├── graceful-fs@4.1.11
86 silly idealTree:prePrune ├── has-flag@3.0.0
86 silly idealTree:prePrune ├── has-value@1.0.0
86 silly idealTree:prePrune ├─┬ has-values@1.0.0
86 silly idealTree:prePrune │ └── kind-of@4.0.0
86 silly idealTree:prePrune ├─┬ http-errors@1.6.2
86 silly idealTree:prePrune │ ├── depd@1.1.1
86 silly idealTree:prePrune │ └── setprototypeof@1.0.3
86 silly idealTree:prePrune ├── iconv-lite@0.4.19
86 silly idealTree:prePrune ├── ignore-by-default@1.0.1
86 silly idealTree:prePrune ├── import-lazy@2.1.0
86 silly idealTree:prePrune ├── imurmurhash@0.1.4
86 silly idealTree:prePrune ├── inherits@2.0.3
86 silly idealTree:prePrune ├── ini@1.3.5
86 silly idealTree:prePrune ├── ipaddr.js@1.6.0
86 silly idealTree:prePrune ├── is-accessor-descriptor@1.0.0
86 silly idealTree:prePrune ├── is-binary-path@1.0.1
86 silly idealTree:prePrune ├── is-buffer@1.1.6
86 silly idealTree:prePrune ├── is-data-descriptor@1.0.0
86 silly idealTree:prePrune ├── is-descriptor@1.0.2
86 silly idealTree:prePrune ├── is-extendable@0.1.1
86 silly idealTree:prePrune ├── is-extglob@2.1.1
86 silly idealTree:prePrune ├── is-fullwidth-code-point@2.0.0
86 silly idealTree:prePrune ├── is-glob@4.0.0
86 silly idealTree:prePrune ├── is-installed-globally@0.1.0
86 silly idealTree:prePrune ├── is-npm@1.0.0
86 silly idealTree:prePrune ├─┬ is-number@3.0.0
86 silly idealTree:prePrune │ └── kind-of@3.2.2
86 silly idealTree:prePrune ├── is-obj@1.0.1
86 silly idealTree:prePrune ├─┬ is-odd@2.0.0
86 silly idealTree:prePrune │ └── is-number@4.0.0
86 silly idealTree:prePrune ├── is-path-inside@1.0.1
86 silly idealTree:prePrune ├── is-plain-object@2.0.4
86 silly idealTree:prePrune ├── is-redirect@1.0.0
86 silly idealTree:prePrune ├── is-retry-allowed@1.1.0
86 silly idealTree:prePrune ├── is-stream@1.1.0
86 silly idealTree:prePrune ├── is-windows@1.0.2
86 silly idealTree:prePrune ├── isarray@1.0.0
86 silly idealTree:prePrune ├── isexe@2.0.0
86 silly idealTree:prePrune ├── isobject@3.0.1
86 silly idealTree:prePrune ├── kind-of@6.0.2
86 silly idealTree:prePrune ├── latest-version@3.1.0
86 silly idealTree:prePrune ├── lowercase-keys@1.0.1
86 silly idealTree:prePrune ├── lru-cache@4.1.2
86 silly idealTree:prePrune ├── make-dir@1.2.0
86 silly idealTree:prePrune ├── map-cache@0.2.2
86 silly idealTree:prePrune ├── map-stream@0.1.0
86 silly idealTree:prePrune ├── map-visit@1.0.0
86 silly idealTree:prePrune ├── media-typer@0.3.0
86 silly idealTree:prePrune ├── merge-descriptors@1.0.1
86 silly idealTree:prePrune ├── methods@1.1.2
86 silly idealTree:prePrune ├── micromatch@3.1.10
86 silly idealTree:prePrune ├── mime-db@1.33.0
86 silly idealTree:prePrune ├── mime-types@2.1.18
86 silly idealTree:prePrune ├── mime@1.4.1
86 silly idealTree:prePrune ├── minimatch@3.0.4
86 silly idealTree:prePrune ├── minimist@1.2.0
86 silly idealTree:prePrune ├─┬ mixin-deep@1.3.1
86 silly idealTree:prePrune │ └── is-extendable@1.0.1
86 silly idealTree:prePrune ├── mongodb-core@3.0.5
86 silly idealTree:prePrune ├── mongodb@3.0.5
86 silly idealTree:prePrune ├── ms@2.0.0
86 silly idealTree:prePrune ├── nanomatch@1.2.9
86 silly idealTree:prePrune ├── negotiator@0.6.1
86 silly idealTree:prePrune ├─┬ nodemon@1.17.2
86 silly idealTree:prePrune │ └── debug@3.1.0
86 silly idealTree:prePrune ├── nopt@1.0.10
86 silly idealTree:prePrune ├── normalize-path@2.1.1
86 silly idealTree:prePrune ├── npm-run-path@2.0.2
86 silly idealTree:prePrune ├─┬ object-copy@0.1.0
86 silly idealTree:prePrune │ ├── define-property@0.2.5
86 silly idealTree:prePrune │ ├── is-accessor-descriptor@0.1.6
86 silly idealTree:prePrune │ ├── is-data-descriptor@0.1.4
86 silly idealTree:prePrune │ ├─┬ is-descriptor@0.1.6
86 silly idealTree:prePrune │ │ └── kind-of@5.1.0
86 silly idealTree:prePrune │ └── kind-of@3.2.2
86 silly idealTree:prePrune ├── object-visit@1.0.1
86 silly idealTree:prePrune ├── object.pick@1.3.0
86 silly idealTree:prePrune ├── on-finished@2.3.0
86 silly idealTree:prePrune ├── ospoint@0.2.0
86 silly idealTree:prePrune ├── p-finally@1.0.0
86 silly idealTree:prePrune ├── package-json@4.0.1
86 silly idealTree:prePrune ├── parseurl@1.3.2
86 silly idealTree:prePrune ├── pascalcase@0.1.1
86 silly idealTree:prePrune ├── path-dirname@1.0.2
86 silly idealTree:prePrune ├── path-is-absolute@1.0.1
86 silly idealTree:prePrune ├── path-is-inside@1.0.2
86 silly idealTree:prePrune ├── path-key@2.0.1
86 silly idealTree:prePrune ├── path-to-regexp@0.1.7
86 silly idealTree:prePrune ├── pause-stream@0.0.11
86 silly idealTree:prePrune ├── pify@3.0.0
86 silly idealTree:prePrune ├── posix-character-classes@0.1.1
86 silly idealTree:prePrune ├── prepend-http@1.0.4
86 silly idealTree:prePrune ├── process-nextick-args@2.0.0
86 silly idealTree:prePrune ├── proxy-addr@2.0.3
86 silly idealTree:prePrune ├── ps-tree@1.1.0
86 silly idealTree:prePrune ├── pseudomap@1.0.2
86 silly idealTree:prePrune ├── pstree.remy@1.1.0
86 silly idealTree:prePrune ├── qs@6.5.1
86 silly idealTree:prePrune ├── range-parser@1.2.0
86 silly idealTree:prePrune ├── raw-body@2.3.2
86 silly idealTree:prePrune ├── rc@1.2.6
86 silly idealTree:prePrune ├── readable-stream@2.3.5
86 silly idealTree:prePrune ├── readdirp@2.1.0
86 silly idealTree:prePrune ├── regex-not@1.0.2
86 silly idealTree:prePrune ├── registry-auth-token@3.3.2
86 silly idealTree:prePrune ├── registry-url@3.1.0
86 silly idealTree:prePrune ├── remove-trailing-separator@1.1.0
86 silly idealTree:prePrune ├── repeat-element@1.1.2
86 silly idealTree:prePrune ├── repeat-string@1.6.1
86 silly idealTree:prePrune ├── require_optional@1.0.1
86 silly idealTree:prePrune ├── resolve-from@2.0.0
86 silly idealTree:prePrune ├── resolve-url@0.2.1
86 silly idealTree:prePrune ├── ret@0.1.15
86 silly idealTree:prePrune ├── safe-buffer@5.1.1
86 silly idealTree:prePrune ├── safe-regex@1.1.0
86 silly idealTree:prePrune ├── semver-diff@2.1.0
86 silly idealTree:prePrune ├── semver@5.5.0
86 silly idealTree:prePrune ├── send@0.16.2
86 silly idealTree:prePrune ├── serve-static@1.13.2
86 silly idealTree:prePrune ├── set-immediate-shim@1.0.1
86 silly idealTree:prePrune ├─┬ set-value@2.0.0
86 silly idealTree:prePrune │ └── extend-shallow@2.0.1
86 silly idealTree:prePrune ├── setprototypeof@1.1.0
86 silly idealTree:prePrune ├── shebang-command@1.2.0
86 silly idealTree:prePrune ├── shebang-regex@1.0.0
86 silly idealTree:prePrune ├── signal-exit@3.0.2
86 silly idealTree:prePrune ├─┬ snapdragon-node@2.1.1
86 silly idealTree:prePrune │ └── define-property@1.0.0
86 silly idealTree:prePrune ├─┬ snapdragon-util@3.0.1
86 silly idealTree:prePrune │ └── kind-of@3.2.2
86 silly idealTree:prePrune ├─┬ snapdragon@0.8.2
86 silly idealTree:prePrune │ ├── define-property@0.2.5
86 silly idealTree:prePrune │ ├── extend-shallow@2.0.1
86 silly idealTree:prePrune │ ├─┬ is-accessor-descriptor@0.1.6
86 silly idealTree:prePrune │ │ └── kind-of@3.2.2
86 silly idealTree:prePrune │ ├─┬ is-data-descriptor@0.1.4
86 silly idealTree:prePrune │ │ └── kind-of@3.2.2
86 silly idealTree:prePrune │ ├── is-descriptor@0.1.6
86 silly idealTree:prePrune │ └── kind-of@5.1.0
86 silly idealTree:prePrune ├── source-map-resolve@0.5.1
86 silly idealTree:prePrune ├── source-map-url@0.4.0
86 silly idealTree:prePrune ├── source-map@0.5.7
86 silly idealTree:prePrune ├── split-string@3.1.0
86 silly idealTree:prePrune ├── split@0.3.3
86 silly idealTree:prePrune ├─┬ static-extend@0.1.2
86 silly idealTree:prePrune │ ├── define-property@0.2.5
86 silly idealTree:prePrune │ ├─┬ is-accessor-descriptor@0.1.6
86 silly idealTree:prePrune │ │ └── kind-of@3.2.2
86 silly idealTree:prePrune │ ├─┬ is-data-descriptor@0.1.4
86 silly idealTree:prePrune │ │ └── kind-of@3.2.2
86 silly idealTree:prePrune │ ├── is-descriptor@0.1.6
86 silly idealTree:prePrune │ └── kind-of@5.1.0
86 silly idealTree:prePrune ├── statuses@1.4.0
86 silly idealTree:prePrune ├── stream-combiner@0.0.4
86 silly idealTree:prePrune ├── string_decoder@1.0.3
86 silly idealTree:prePrune ├── string-width@2.1.1
86 silly idealTree:prePrune ├── strip-ansi@4.0.0
86 silly idealTree:prePrune ├── strip-eof@1.0.0
86 silly idealTree:prePrune ├── strip-json-comments@2.0.1
86 silly idealTree:prePrune ├── supports-color@5.3.0
86 silly idealTree:prePrune ├── term-size@1.2.0
86 silly idealTree:prePrune ├── through@2.3.8
86 silly idealTree:prePrune ├── timed-out@4.0.1
86 silly idealTree:prePrune ├─┬ to-object-path@0.3.0
86 silly idealTree:prePrune │ └── kind-of@3.2.2
86 silly idealTree:prePrune ├── to-regex-range@2.1.1
86 silly idealTree:prePrune ├── to-regex@3.0.2
86 silly idealTree:prePrune ├── touch@3.1.0
86 silly idealTree:prePrune ├── type-is@1.6.16
86 silly idealTree:prePrune ├── undefsafe@2.0.2
86 silly idealTree:prePrune ├─┬ union-value@1.0.0
86 silly idealTree:prePrune │ ├── extend-shallow@2.0.1
86 silly idealTree:prePrune │ └── set-value@0.4.3
86 silly idealTree:prePrune ├── unique-string@1.0.0
86 silly idealTree:prePrune ├── unpipe@1.0.0
86 silly idealTree:prePrune ├─┬ unset-value@1.0.0
86 silly idealTree:prePrune │ ├─┬ has-value@0.3.1
86 silly idealTree:prePrune │ │ └── isobject@2.1.0
86 silly idealTree:prePrune │ └── has-values@0.1.4
86 silly idealTree:prePrune ├── unzip-response@2.0.1
86 silly idealTree:prePrune ├── upath@1.0.4
86 silly idealTree:prePrune ├── update-notifier@2.3.0
86 silly idealTree:prePrune ├── urix@0.1.0
86 silly idealTree:prePrune ├── url-parse-lax@1.0.0
86 silly idealTree:prePrune ├── use@3.1.0
86 silly idealTree:prePrune ├── util-deprecate@1.0.2
86 silly idealTree:prePrune ├── utils-merge@1.0.1
86 silly idealTree:prePrune ├── vary@1.1.2
86 silly idealTree:prePrune ├── which@1.3.0
86 silly idealTree:prePrune ├── widest-line@2.0.0
86 silly idealTree:prePrune ├── write-file-atomic@2.3.0
86 silly idealTree:prePrune ├── xdg-basedir@3.0.0
86 silly idealTree:prePrune └── yallist@2.1.2
87 silly loadIdealTree Finishing
88 silly currentTree package.json@1.0.0
88 silly currentTree ├── abbrev@1.1.1
88 silly currentTree ├── accepts@1.3.5
88 silly currentTree ├── ansi-align@2.0.0
88 silly currentTree ├── ansi-regex@3.0.0
88 silly currentTree ├── ansi-styles@3.2.1
88 silly currentTree ├── anymatch@2.0.0
88 silly currentTree ├── arr-diff@4.0.0
88 silly currentTree ├── arr-flatten@1.1.0
88 silly currentTree ├── arr-union@3.1.0
88 silly currentTree ├── array-flatten@1.1.1
88 silly currentTree ├── array-unique@0.3.2
88 silly currentTree ├── assign-symbols@1.0.0
88 silly currentTree ├── async-each@1.0.1
88 silly currentTree ├── atob@2.0.3
88 silly currentTree ├── balanced-match@1.0.0
88 silly currentTree ├─┬ base@0.11.2
88 silly currentTree │ └── define-property@1.0.0
88 silly currentTree ├── binary-extensions@1.11.0
88 silly currentTree ├── body-parser@1.18.2
88 silly currentTree ├── boxen@1.3.0
88 silly currentTree ├── brace-expansion@1.1.11
88 silly currentTree ├─┬ braces@2.3.1
88 silly currentTree │ ├── define-property@1.0.0
88 silly currentTree │ └── extend-shallow@2.0.1
88 silly currentTree ├── bson@1.0.6
88 silly currentTree ├── bytes@3.0.0
88 silly currentTree ├── cache-base@1.0.1
88 silly currentTree ├── camelcase@4.1.0
88 silly currentTree ├── capture-stack-trace@1.0.0
88 silly currentTree ├── chalk@2.3.2
88 silly currentTree ├── chokidar@2.0.3
88 silly currentTree ├─┬ class-utils@0.3.6
88 silly currentTree │ ├── define-property@0.2.5
88 silly currentTree │ ├─┬ is-accessor-descriptor@0.1.6
88 silly currentTree │ │ └── kind-of@3.2.2
88 silly currentTree │ ├─┬ is-data-descriptor@0.1.4
88 silly currentTree │ │ └── kind-of@3.2.2
88 silly currentTree │ ├── is-descriptor@0.1.6
88 silly currentTree │ └── kind-of@5.1.0
88 silly currentTree ├── cli-boxes@1.0.0
88 silly currentTree ├── collection-visit@1.0.0
88 silly currentTree ├── color-convert@1.9.1
88 silly currentTree ├── color-name@1.1.3
88 silly currentTree ├── component-emitter@1.2.1
88 silly currentTree ├── concat-map@0.0.1
88 silly currentTree ├── configstore@3.1.1
88 silly currentTree ├── content-disposition@0.5.2
88 silly currentTree ├── content-type@1.0.4
88 silly currentTree ├── cookie-signature@1.0.6
88 silly currentTree ├── cookie@0.3.1
88 silly currentTree ├── copy-descriptor@0.1.1
88 silly currentTree ├── core-util-is@1.0.2
88 silly currentTree ├── create-error-class@3.0.2
88 silly currentTree ├── cross-spawn@5.1.0
88 silly currentTree ├── crypto-random-string@1.0.0
88 silly currentTree ├── debug@2.6.9
88 silly currentTree ├── decode-uri-component@0.2.0
88 silly currentTree ├── deep-extend@0.4.2
88 silly currentTree ├── define-property@2.0.2
88 silly currentTree ├── depd@1.1.2
88 silly currentTree ├── destroy@1.0.4
88 silly currentTree ├── dot-prop@4.2.0
88 silly currentTree ├── duplexer@0.1.1
88 silly currentTree ├── duplexer3@0.1.4
88 silly currentTree ├── ee-first@1.1.1
88 silly currentTree ├── ejs@2.5.7
88 silly currentTree ├── encodeurl@1.0.2
88 silly currentTree ├── escape-html@1.0.3
88 silly currentTree ├── escape-string-regexp@1.0.5
88 silly currentTree ├── etag@1.8.1
88 silly currentTree ├── event-stream@3.3.4
88 silly currentTree ├── execa@0.7.0
88 silly currentTree ├─┬ expand-brackets@2.1.4
88 silly currentTree │ ├── define-property@0.2.5
88 silly currentTree │ ├── extend-shallow@2.0.1
88 silly currentTree │ ├─┬ is-accessor-descriptor@0.1.6
88 silly currentTree │ │ └── kind-of@3.2.2
88 silly currentTree │ ├─┬ is-data-descriptor@0.1.4
88 silly currentTree │ │ └── kind-of@3.2.2
88 silly currentTree │ ├── is-descriptor@0.1.6
88 silly currentTree │ └── kind-of@5.1.0
88 silly currentTree ├── express@4.16.3
88 silly currentTree ├─┬ extend-shallow@3.0.2
88 silly currentTree │ └── is-extendable@1.0.1
88 silly currentTree ├─┬ extglob@2.0.4
88 silly currentTree │ ├── define-property@1.0.0
88 silly currentTree │ └── extend-shallow@2.0.1
88 silly currentTree ├─┬ fill-range@4.0.0
88 silly currentTree │ └── extend-shallow@2.0.1
88 silly currentTree ├── finalhandler@1.1.1
88 silly currentTree ├── for-in@1.0.2
88 silly currentTree ├── forwarded@0.1.2
88 silly currentTree ├── fragment-cache@0.2.1
88 silly currentTree ├── fresh@0.5.2
88 silly currentTree ├── from@0.1.7
88 silly currentTree ├── get-stream@3.0.0
88 silly currentTree ├── get-value@2.0.6
88 silly currentTree ├─┬ glob-parent@3.1.0
88 silly currentTree │ └── is-glob@3.1.0
88 silly currentTree ├── global-dirs@0.1.1
88 silly currentTree ├── got@6.7.1
88 silly currentTree ├── graceful-fs@4.1.11
88 silly currentTree ├── has-flag@3.0.0
88 silly currentTree ├── has-value@1.0.0
88 silly currentTree ├─┬ has-values@1.0.0
88 silly currentTree │ └── kind-of@4.0.0
88 silly currentTree ├─┬ http-errors@1.6.2
88 silly currentTree │ ├── depd@1.1.1
88 silly currentTree │ └── setprototypeof@1.0.3
88 silly currentTree ├── iconv-lite@0.4.19
88 silly currentTree ├── ignore-by-default@1.0.1
88 silly currentTree ├── import-lazy@2.1.0
88 silly currentTree ├── imurmurhash@0.1.4
88 silly currentTree ├── inherits@2.0.3
88 silly currentTree ├── ini@1.3.5
88 silly currentTree ├── ipaddr.js@1.6.0
88 silly currentTree ├── is-accessor-descriptor@1.0.0
88 silly currentTree ├── is-binary-path@1.0.1
88 silly currentTree ├── is-buffer@1.1.6
88 silly currentTree ├── is-data-descriptor@1.0.0
88 silly currentTree ├── is-descriptor@1.0.2
88 silly currentTree ├── is-extendable@0.1.1
88 silly currentTree ├── is-extglob@2.1.1
88 silly currentTree ├── is-fullwidth-code-point@2.0.0
88 silly currentTree ├── is-glob@4.0.0
88 silly currentTree ├── is-installed-globally@0.1.0
88 silly currentTree ├── is-npm@1.0.0
88 silly currentTree ├─┬ is-number@3.0.0
88 silly currentTree │ └── kind-of@3.2.2
88 silly currentTree ├── is-obj@1.0.1
88 silly currentTree ├─┬ is-odd@2.0.0
88 silly currentTree │ └── is-number@4.0.0
88 silly currentTree ├── is-path-inside@1.0.1
88 silly currentTree ├── is-plain-object@2.0.4
88 silly currentTree ├── is-redirect@1.0.0
88 silly currentTree ├── is-retry-allowed@1.1.0
88 silly currentTree ├── is-stream@1.1.0
88 silly currentTree ├── is-windows@1.0.2
88 silly currentTree ├── isarray@1.0.0
88 silly currentTree ├── isexe@2.0.0
88 silly currentTree ├── isobject@3.0.1
88 silly currentTree ├── kind-of@6.0.2
88 silly currentTree ├── latest-version@3.1.0
88 silly currentTree ├── lowercase-keys@1.0.1
88 silly currentTree ├── lru-cache@4.1.2
88 silly currentTree ├── make-dir@1.2.0
88 silly currentTree ├── map-cache@0.2.2
88 silly currentTree ├── map-stream@0.1.0
88 silly currentTree ├── map-visit@1.0.0
88 silly currentTree ├── media-typer@0.3.0
88 silly currentTree ├── merge-descriptors@1.0.1
88 silly currentTree ├── methods@1.1.2
88 silly currentTree ├── micromatch@3.1.10
88 silly currentTree ├── mime-db@1.33.0
88 silly currentTree ├── mime-types@2.1.18
88 silly currentTree ├── mime@1.4.1
88 silly currentTree ├── minimatch@3.0.4
88 silly currentTree ├── minimist@1.2.0
88 silly currentTree ├─┬ mixin-deep@1.3.1
88 silly currentTree │ └── is-extendable@1.0.1
88 silly currentTree ├── mongodb-core@3.0.5
88 silly currentTree ├── mongodb@3.0.5
88 silly currentTree ├── ms@2.0.0
88 silly currentTree ├── nanomatch@1.2.9
88 silly currentTree ├── negotiator@0.6.1
88 silly currentTree ├─┬ nodemon@1.17.2
88 silly currentTree │ └── debug@3.1.0
88 silly currentTree ├── nopt@1.0.10
88 silly currentTree ├── normalize-path@2.1.1
88 silly currentTree ├── npm-run-path@2.0.2
88 silly currentTree ├─┬ object-copy@0.1.0
88 silly currentTree │ ├── define-property@0.2.5
88 silly currentTree │ ├── is-accessor-descriptor@0.1.6
88 silly currentTree │ ├── is-data-descriptor@0.1.4
88 silly currentTree │ ├─┬ is-descriptor@0.1.6
88 silly currentTree │ │ └── kind-of@5.1.0
88 silly currentTree │ └── kind-of@3.2.2
88 silly currentTree ├── object-visit@1.0.1
88 silly currentTree ├── object.pick@1.3.0
88 silly currentTree ├── on-finished@2.3.0
88 silly currentTree ├── ospoint@0.2.0
88 silly currentTree ├── p-finally@1.0.0
88 silly currentTree ├── package-json@4.0.1
88 silly currentTree ├── parseurl@1.3.2
88 silly currentTree ├── pascalcase@0.1.1
88 silly currentTree ├── path-dirname@1.0.2
88 silly currentTree ├── path-is-absolute@1.0.1
88 silly currentTree ├── path-is-inside@1.0.2
88 silly currentTree ├── path-key@2.0.1
88 silly currentTree ├── path-to-regexp@0.1.7
88 silly currentTree ├── pause-stream@0.0.11
88 silly currentTree ├── pify@3.0.0
88 silly currentTree ├── posix-character-classes@0.1.1
88 silly currentTree ├── prepend-http@1.0.4
88 silly currentTree ├── process-nextick-args@2.0.0
88 silly currentTree ├── proxy-addr@2.0.3
88 silly currentTree ├── ps-tree@1.1.0
88 silly currentTree ├── pseudomap@1.0.2
88 silly currentTree ├── pstree.remy@1.1.0
88 silly currentTree ├── qs@6.5.1
88 silly currentTree ├── range-parser@1.2.0
88 silly currentTree ├── raw-body@2.3.2
88 silly currentTree ├── rc@1.2.6
88 silly currentTree ├── readable-stream@2.3.5
88 silly currentTree ├── readdirp@2.1.0
88 silly currentTree ├── regex-not@1.0.2
88 silly currentTree ├── registry-auth-token@3.3.2
88 silly currentTree ├── registry-url@3.1.0
88 silly currentTree ├── remove-trailing-separator@1.1.0
88 silly currentTree ├── repeat-element@1.1.2
88 silly currentTree ├── repeat-string@1.6.1
88 silly currentTree ├── require_optional@1.0.1
88 silly currentTree ├── resolve-from@2.0.0
88 silly currentTree ├── resolve-url@0.2.1
88 silly currentTree ├── ret@0.1.15
88 silly currentTree ├── safe-buffer@5.1.1
88 silly currentTree ├── safe-regex@1.1.0
88 silly currentTree ├── semver-diff@2.1.0
88 silly currentTree ├── semver@5.5.0
88 silly currentTree ├── send@0.16.2
88 silly currentTree ├── serve-static@1.13.2
88 silly currentTree ├── set-immediate-shim@1.0.1
88 silly currentTree ├─┬ set-value@2.0.0
88 silly currentTree │ └── extend-shallow@2.0.1
88 silly currentTree ├── setprototypeof@1.1.0
88 silly currentTree ├── shebang-command@1.2.0
88 silly currentTree ├── shebang-regex@1.0.0
88 silly currentTree ├── signal-exit@3.0.2
88 silly currentTree ├─┬ snapdragon-node@2.1.1
88 silly currentTree │ └── define-property@1.0.0
88 silly currentTree ├─┬ snapdragon-util@3.0.1
88 silly currentTree │ └── kind-of@3.2.2
88 silly currentTree ├─┬ snapdragon@0.8.2
88 silly currentTree │ ├── define-property@0.2.5
88 silly currentTree │ ├── extend-shallow@2.0.1
88 silly currentTree │ ├─┬ is-accessor-descriptor@0.1.6
88 silly currentTree │ │ └── kind-of@3.2.2
88 silly currentTree │ ├─┬ is-data-descriptor@0.1.4
88 silly currentTree │ │ └── kind-of@3.2.2
88 silly currentTree │ ├── is-descriptor@0.1.6
88 silly currentTree │ └── kind-of@5.1.0
88 silly currentTree ├── source-map-resolve@0.5.1
88 silly currentTree ├── source-map-url@0.4.0
88 silly currentTree ├── source-map@0.5.7
88 silly currentTree ├── split-string@3.1.0
88 silly currentTree ├── split@0.3.3
88 silly currentTree ├─┬ static-extend@0.1.2
88 silly currentTree │ ├── define-property@0.2.5
88 silly currentTree │ ├─┬ is-accessor-descriptor@0.1.6
88 silly currentTree │ │ └── kind-of@3.2.2
88 silly currentTree │ ├─┬ is-data-descriptor@0.1.4
88 silly currentTree │ │ └── kind-of@3.2.2
88 silly currentTree │ ├── is-descriptor@0.1.6
88 silly currentTree │ └── kind-of@5.1.0
88 silly currentTree ├── statuses@1.4.0
88 silly currentTree ├── stream-combiner@0.0.4
88 silly currentTree ├── string_decoder@1.0.3
88 silly currentTree ├── string-width@2.1.1
88 silly currentTree ├── strip-ansi@4.0.0
88 silly currentTree ├── strip-eof@1.0.0
88 silly currentTree ├── strip-json-comments@2.0.1
88 silly currentTree ├── supports-color@5.3.0
88 silly currentTree ├── term-size@1.2.0
88 silly currentTree ├── through@2.3.8
88 silly currentTree ├── timed-out@4.0.1
88 silly currentTree ├─┬ to-object-path@0.3.0
88 silly currentTree │ └── kind-of@3.2.2
88 silly currentTree ├── to-regex-range@2.1.1
88 silly currentTree ├── to-regex@3.0.2
88 silly currentTree ├── touch@3.1.0
88 silly currentTree ├── type-is@1.6.16
88 silly currentTree ├── undefsafe@2.0.2
88 silly currentTree ├─┬ union-value@1.0.0
88 silly currentTree │ ├── extend-shallow@2.0.1
88 silly currentTree │ └── set-value@0.4.3
88 silly currentTree ├── unique-string@1.0.0
88 silly currentTree ├── unpipe@1.0.0
88 silly currentTree ├─┬ unset-value@1.0.0
88 silly currentTree │ ├─┬ has-value@0.3.1
88 silly currentTree │ │ └── isobject@2.1.0
88 silly currentTree │ └── has-values@0.1.4
88 silly currentTree ├── unzip-response@2.0.1
88 silly currentTree ├── upath@1.0.4
88 silly currentTree ├── update-notifier@2.3.0
88 silly currentTree ├── urix@0.1.0
88 silly currentTree ├── url-parse-lax@1.0.0
88 silly currentTree ├── use@3.1.0
88 silly currentTree ├── util-deprecate@1.0.2
88 silly currentTree ├── utils-merge@1.0.1
88 silly currentTree ├── vary@1.1.2
88 silly currentTree ├── which@1.3.0
88 silly currentTree ├── widest-line@2.0.0
88 silly currentTree ├── write-file-atomic@2.3.0
88 silly currentTree ├── xdg-basedir@3.0.0
88 silly currentTree └── yallist@2.1.2
89 silly idealTree package.json@1.0.0
89 silly idealTree ├── abbrev@1.1.1
89 silly idealTree ├── accepts@1.3.5
89 silly idealTree ├── ansi-align@2.0.0
89 silly idealTree ├── ansi-regex@3.0.0
89 silly idealTree ├── ansi-styles@3.2.1
89 silly idealTree ├── anymatch@2.0.0
89 silly idealTree ├── arr-diff@4.0.0
89 silly idealTree ├── arr-flatten@1.1.0
89 silly idealTree ├── arr-union@3.1.0
89 silly idealTree ├── array-flatten@1.1.1
89 silly idealTree ├── array-unique@0.3.2
89 silly idealTree ├── assign-symbols@1.0.0
89 silly idealTree ├── async-each@1.0.1
89 silly idealTree ├── atob@2.0.3
89 silly idealTree ├── balanced-match@1.0.0
89 silly idealTree ├─┬ base@0.11.2
89 silly idealTree │ └── define-property@1.0.0
89 silly idealTree ├── binary-extensions@1.11.0
89 silly idealTree ├── body-parser@1.18.2
89 silly idealTree ├── boxen@1.3.0
89 silly idealTree ├── brace-expansion@1.1.11
89 silly idealTree ├─┬ braces@2.3.1
89 silly idealTree │ ├── define-property@1.0.0
89 silly idealTree │ └── extend-shallow@2.0.1
89 silly idealTree ├── bson@1.0.6
89 silly idealTree ├── bytes@3.0.0
89 silly idealTree ├── cache-base@1.0.1
89 silly idealTree ├── camelcase@4.1.0
89 silly idealTree ├── capture-stack-trace@1.0.0
89 silly idealTree ├── chalk@2.3.2
89 silly idealTree ├── chokidar@2.0.3
89 silly idealTree ├─┬ class-utils@0.3.6
89 silly idealTree │ ├── define-property@0.2.5
89 silly idealTree │ ├─┬ is-accessor-descriptor@0.1.6
89 silly idealTree │ │ └── kind-of@3.2.2
89 silly idealTree │ ├─┬ is-data-descriptor@0.1.4
89 silly idealTree │ │ └── kind-of@3.2.2
89 silly idealTree │ ├── is-descriptor@0.1.6
89 silly idealTree │ └── kind-of@5.1.0
89 silly idealTree ├── cli-boxes@1.0.0
89 silly idealTree ├── collection-visit@1.0.0
89 silly idealTree ├── color-convert@1.9.1
89 silly idealTree ├── color-name@1.1.3
89 silly idealTree ├── component-emitter@1.2.1
89 silly idealTree ├── concat-map@0.0.1
89 silly idealTree ├── configstore@3.1.1
89 silly idealTree ├── content-disposition@0.5.2
89 silly idealTree ├── content-type@1.0.4
89 silly idealTree ├── cookie-signature@1.0.6
89 silly idealTree ├── cookie@0.3.1
89 silly idealTree ├── copy-descriptor@0.1.1
89 silly idealTree ├── core-util-is@1.0.2
89 silly idealTree ├── create-error-class@3.0.2
89 silly idealTree ├── cross-spawn@5.1.0
89 silly idealTree ├── crypto-random-string@1.0.0
89 silly idealTree ├── debug@2.6.9
89 silly idealTree ├── decode-uri-component@0.2.0
89 silly idealTree ├── deep-extend@0.4.2
89 silly idealTree ├── define-property@2.0.2
89 silly idealTree ├── depd@1.1.2
89 silly idealTree ├── destroy@1.0.4
89 silly idealTree ├── dot-prop@4.2.0
89 silly idealTree ├── duplexer@0.1.1
89 silly idealTree ├── duplexer3@0.1.4
89 silly idealTree ├── ee-first@1.1.1
89 silly idealTree ├── ejs@2.5.7
89 silly idealTree ├── encodeurl@1.0.2
89 silly idealTree ├── escape-html@1.0.3
89 silly idealTree ├── escape-string-regexp@1.0.5
89 silly idealTree ├── etag@1.8.1
89 silly idealTree ├── event-stream@3.3.4
89 silly idealTree ├── execa@0.7.0
89 silly idealTree ├─┬ expand-brackets@2.1.4
89 silly idealTree │ ├── define-property@0.2.5
89 silly idealTree │ ├── extend-shallow@2.0.1
89 silly idealTree │ ├─┬ is-accessor-descriptor@0.1.6
89 silly idealTree │ │ └── kind-of@3.2.2
89 silly idealTree │ ├─┬ is-data-descriptor@0.1.4
89 silly idealTree │ │ └── kind-of@3.2.2
89 silly idealTree │ ├── is-descriptor@0.1.6
89 silly idealTree │ └── kind-of@5.1.0
89 silly idealTree ├── express@4.16.3
89 silly idealTree ├─┬ extend-shallow@3.0.2
89 silly idealTree │ └── is-extendable@1.0.1
89 silly idealTree ├─┬ extglob@2.0.4
89 silly idealTree │ ├── define-property@1.0.0
89 silly idealTree │ └── extend-shallow@2.0.1
89 silly idealTree ├─┬ fill-range@4.0.0
89 silly idealTree │ └── extend-shallow@2.0.1
89 silly idealTree ├── finalhandler@1.1.1
89 silly idealTree ├── for-in@1.0.2
89 silly idealTree ├── forwarded@0.1.2
89 silly idealTree ├── fragment-cache@0.2.1
89 silly idealTree ├── fresh@0.5.2
89 silly idealTree ├── from@0.1.7
89 silly idealTree ├── get-stream@3.0.0
89 silly idealTree ├── get-value@2.0.6
89 silly idealTree ├─┬ glob-parent@3.1.0
89 silly idealTree │ └── is-glob@3.1.0
89 silly idealTree ├── global-dirs@0.1.1
89 silly idealTree ├── got@6.7.1
89 silly idealTree ├── graceful-fs@4.1.11
89 silly idealTree ├── has-flag@3.0.0
89 silly idealTree ├── has-value@1.0.0
89 silly idealTree ├─┬ has-values@1.0.0
89 silly idealTree │ └── kind-of@4.0.0
89 silly idealTree ├─┬ http-errors@1.6.2
89 silly idealTree │ ├── depd@1.1.1
89 silly idealTree │ └── setprototypeof@1.0.3
89 silly idealTree ├── iconv-lite@0.4.19
89 silly idealTree ├── ignore-by-default@1.0.1
89 silly idealTree ├── import-lazy@2.1.0
89 silly idealTree ├── imurmurhash@0.1.4
89 silly idealTree ├── inherits@2.0.3
89 silly idealTree ├── ini@1.3.5
89 silly idealTree ├── ipaddr.js@1.6.0
89 silly idealTree ├── is-accessor-descriptor@1.0.0
89 silly idealTree ├── is-binary-path@1.0.1
89 silly idealTree ├── is-buffer@1.1.6
89 silly idealTree ├── is-data-descriptor@1.0.0
89 silly idealTree ├── is-descriptor@1.0.2
89 silly idealTree ├── is-extendable@0.1.1
89 silly idealTree ├── is-extglob@2.1.1
89 silly idealTree ├── is-fullwidth-code-point@2.0.0
89 silly idealTree ├── is-glob@4.0.0
89 silly idealTree ├── is-installed-globally@0.1.0
89 silly idealTree ├── is-npm@1.0.0
89 silly idealTree ├─┬ is-number@3.0.0
89 silly idealTree │ └── kind-of@3.2.2
89 silly idealTree ├── is-obj@1.0.1
89 silly idealTree ├─┬ is-odd@2.0.0
89 silly idealTree │ └── is-number@4.0.0
89 silly idealTree ├── is-path-inside@1.0.1
89 silly idealTree ├── is-plain-object@2.0.4
89 silly idealTree ├── is-redirect@1.0.0
89 silly idealTree ├── is-retry-allowed@1.1.0
89 silly idealTree ├── is-stream@1.1.0
89 silly idealTree ├── is-windows@1.0.2
89 silly idealTree ├── isarray@1.0.0
89 silly idealTree ├── isexe@2.0.0
89 silly idealTree ├── isobject@3.0.1
89 silly idealTree ├── kind-of@6.0.2
89 silly idealTree ├── latest-version@3.1.0
89 silly idealTree ├── lowercase-keys@1.0.1
89 silly idealTree ├── lru-cache@4.1.2
89 silly idealTree ├── make-dir@1.2.0
89 silly idealTree ├── map-cache@0.2.2
89 silly idealTree ├── map-stream@0.1.0
89 silly idealTree ├── map-visit@1.0.0
89 silly idealTree ├── media-typer@0.3.0
89 silly idealTree ├── merge-descriptors@1.0.1
89 silly idealTree ├── methods@1.1.2
89 silly idealTree ├── micromatch@3.1.10
89 silly idealTree ├── mime-db@1.33.0
89 silly idealTree ├── mime-types@2.1.18
89 silly idealTree ├── mime@1.4.1
89 silly idealTree ├── minimatch@3.0.4
89 silly idealTree ├── minimist@1.2.0
89 silly idealTree ├─┬ mixin-deep@1.3.1
89 silly idealTree │ └── is-extendable@1.0.1
89 silly idealTree ├── mongodb-core@3.0.5
89 silly idealTree ├── mongodb@3.0.5
89 silly idealTree ├── ms@2.0.0
89 silly idealTree ├── nanomatch@1.2.9
89 silly idealTree ├── negotiator@0.6.1
89 silly idealTree ├─┬ nodemon@1.17.2
89 silly idealTree │ └── debug@3.1.0
89 silly idealTree ├── nopt@1.0.10
89 silly idealTree ├── normalize-path@2.1.1
89 silly idealTree ├── npm-run-path@2.0.2
89 silly idealTree ├─┬ object-copy@0.1.0
89 silly idealTree │ ├── define-property@0.2.5
89 silly idealTree │ ├── is-accessor-descriptor@0.1.6
89 silly idealTree │ ├── is-data-descriptor@0.1.4
89 silly idealTree │ ├─┬ is-descriptor@0.1.6
89 silly idealTree │ │ └── kind-of@5.1.0
89 silly idealTree │ └── kind-of@3.2.2
89 silly idealTree ├── object-visit@1.0.1
89 silly idealTree ├── object.pick@1.3.0
89 silly idealTree ├── on-finished@2.3.0
89 silly idealTree ├── ospoint@0.2.0
89 silly idealTree ├── p-finally@1.0.0
89 silly idealTree ├── package-json@4.0.1
89 silly idealTree ├── parseurl@1.3.2
89 silly idealTree ├── pascalcase@0.1.1
89 silly idealTree ├── path-dirname@1.0.2
89 silly idealTree ├── path-is-absolute@1.0.1
89 silly idealTree ├── path-is-inside@1.0.2
89 silly idealTree ├── path-key@2.0.1
89 silly idealTree ├── path-to-regexp@0.1.7
89 silly idealTree ├── pause-stream@0.0.11
89 silly idealTree ├── pify@3.0.0
89 silly idealTree ├── posix-character-classes@0.1.1
89 silly idealTree ├── prepend-http@1.0.4
89 silly idealTree ├── process-nextick-args@2.0.0
89 silly idealTree ├── proxy-addr@2.0.3
89 silly idealTree ├── ps-tree@1.1.0
89 silly idealTree ├── pseudomap@1.0.2
89 silly idealTree ├── pstree.remy@1.1.0
89 silly idealTree ├── qs@6.5.1
89 silly idealTree ├── range-parser@1.2.0
89 silly idealTree ├── raw-body@2.3.2
89 silly idealTree ├── rc@1.2.6
89 silly idealTree ├── readable-stream@2.3.5
89 silly idealTree ├── readdirp@2.1.0
89 silly idealTree ├── regex-not@1.0.2
89 silly idealTree ├── registry-auth-token@3.3.2
89 silly idealTree ├── registry-url@3.1.0
89 silly idealTree ├── remove-trailing-separator@1.1.0
89 silly idealTree ├── repeat-element@1.1.2
89 silly idealTree ├── repeat-string@1.6.1
89 silly idealTree ├── require_optional@1.0.1
89 silly idealTree ├── resolve-from@2.0.0
89 silly idealTree ├── resolve-url@0.2.1
89 silly idealTree ├── ret@0.1.15
89 silly idealTree ├── safe-buffer@5.1.1
89 silly idealTree ├── safe-regex@1.1.0
89 silly idealTree ├── semver-diff@2.1.0
89 silly idealTree ├── semver@5.5.0
89 silly idealTree ├── send@0.16.2
89 silly idealTree ├── serve-static@1.13.2
89 silly idealTree ├── set-immediate-shim@1.0.1
89 silly idealTree ├─┬ set-value@2.0.0
89 silly idealTree │ └── extend-shallow@2.0.1
89 silly idealTree ├── setprototypeof@1.1.0
89 silly idealTree ├── shebang-command@1.2.0
89 silly idealTree ├── shebang-regex@1.0.0
89 silly idealTree ├── signal-exit@3.0.2
89 silly idealTree ├─┬ snapdragon-node@2.1.1
89 silly idealTree │ └── define-property@1.0.0
89 silly idealTree ├─┬ snapdragon-util@3.0.1
89 silly idealTree │ └── kind-of@3.2.2
89 silly idealTree ├─┬ snapdragon@0.8.2
89 silly idealTree │ ├── define-property@0.2.5
89 silly idealTree │ ├── extend-shallow@2.0.1
89 silly idealTree │ ├─┬ is-accessor-descriptor@0.1.6
89 silly idealTree │ │ └── kind-of@3.2.2
89 silly idealTree │ ├─┬ is-data-descriptor@0.1.4
89 silly idealTree │ │ └── kind-of@3.2.2
89 silly idealTree │ ├── is-descriptor@0.1.6
89 silly idealTree │ └── kind-of@5.1.0
89 silly idealTree ├── source-map-resolve@0.5.1
89 silly idealTree ├── source-map-url@0.4.0
89 silly idealTree ├── source-map@0.5.7
89 silly idealTree ├── split-string@3.1.0
89 silly idealTree ├── split@0.3.3
89 silly idealTree ├─┬ static-extend@0.1.2
89 silly idealTree │ ├── define-property@0.2.5
89 silly idealTree │ ├─┬ is-accessor-descriptor@0.1.6
89 silly idealTree │ │ └── kind-of@3.2.2
89 silly idealTree │ ├─┬ is-data-descriptor@0.1.4
89 silly idealTree │ │ └── kind-of@3.2.2
89 silly idealTree │ ├── is-descriptor@0.1.6
89 silly idealTree │ └── kind-of@5.1.0
89 silly idealTree ├── statuses@1.4.0
89 silly idealTree ├── stream-combiner@0.0.4
89 silly idealTree ├── string_decoder@1.0.3
89 silly idealTree ├── string-width@2.1.1
89 silly idealTree ├── strip-ansi@4.0.0
89 silly idealTree ├── strip-eof@1.0.0
89 silly idealTree ├── strip-json-comments@2.0.1
89 silly idealTree ├── supports-color@5.3.0
89 silly idealTree ├── term-size@1.2.0
89 silly idealTree ├── through@2.3.8
89 silly idealTree ├── timed-out@4.0.1
89 silly idealTree ├─┬ to-object-path@0.3.0
89 silly idealTree │ └── kind-of@3.2.2
89 silly idealTree ├── to-regex-range@2.1.1
89 silly idealTree ├── to-regex@3.0.2
89 silly idealTree ├── touch@3.1.0
89 silly idealTree ├── type-is@1.6.16
89 silly idealTree ├── undefsafe@2.0.2
89 silly idealTree ├─┬ union-value@1.0.0
89 silly idealTree │ ├── extend-shallow@2.0.1
89 silly idealTree │ └── set-value@0.4.3
89 silly idealTree ├── unique-string@1.0.0
89 silly idealTree ├── unpipe@1.0.0
89 silly idealTree ├─┬ unset-value@1.0.0
89 silly idealTree │ ├─┬ has-value@0.3.1
89 silly idealTree │ │ └── isobject@2.1.0
89 silly idealTree │ └── has-values@0.1.4
89 silly idealTree ├── unzip-response@2.0.1
89 silly idealTree ├── upath@1.0.4
89 silly idealTree ├── update-notifier@2.3.0
89 silly idealTree ├── urix@0.1.0
89 silly idealTree ├── url-parse-lax@1.0.0
89 silly idealTree ├── use@3.1.0
89 silly idealTree ├── util-deprecate@1.0.2
89 silly idealTree ├── utils-merge@1.0.1
89 silly idealTree ├── vary@1.1.2
89 silly idealTree ├── which@1.3.0
89 silly idealTree ├── widest-line@2.0.0
89 silly idealTree ├── write-file-atomic@2.3.0
89 silly idealTree ├── xdg-basedir@3.0.0
89 silly idealTree └── yallist@2.1.2
90 silly generateActionsToTake Starting
91 silly install generateActionsToTake
92 silly rollbackFailedOptional Starting
93 silly rollbackFailedOptional Finishing
94 silly runTopLevelLifecycles Starting
95 silly runTopLevelLifecycles Finishing
96 silly install printInstalled
97 warn optional Skipping failed optional dependency /chokidar/fsevents:
98 warn notsup Not compatible with your operating system or architecture: fsevents@1.1.3
99 verbose stack Error: Appears to be a git repo or submodule.
99 verbose stack     at /usr/share/npm/node_modules/npm-install-checks/index.js:138:15
99 verbose stack     at FSReqWrap.oncomplete (fs.js:82:15)
100 verbose cwd /home/salil/Documents/CollegeProjects/UC/dataPreprocessing
101 error Linux 4.13.0-37-generic
102 error argv "/usr/bin/nodejs" "/usr/bin/npm" "install" "ospoint"
103 error node v4.2.6
104 error npm  v3.5.2
105 error path /home/salil/Documents/CollegeProjects/UC/dataPreprocessing/node_modules/ospoint
106 error code EISGIT
107 error git Appears to be a git repo or submodule.
108 error git /home/salil/Documents/CollegeProjects/UC/dataPreprocessing/node_modules/ospoint
109 error git Refusing to remove it. Update manually,
109 error git or move it out of the way first.
110 verbose exit [ 1, true ]
